[22:56:10] [main/INFO]: Setting user: Player937
[22:56:11] [Client thread/INFO]: LWJGL Version: 2.9.1
[22:56:14] [Client thread/INFO]: Reloading ResourceManager: Default, FMLFileResourcePack:Forge Mod Loader, FMLFileResourcePack:Minecraft Forge, FMLFileResourcePack:Bot Buddy
[22:56:15] [Sound Library Loader/INFO]: Sound engine started
[22:56:16] [Client thread/INFO]: Created: 512x256 textures/blocks-atlas
[22:56:16] [Client thread/INFO]: Created: 256x256 textures/items-atlas
[22:56:16] [Client thread/INFO]: Reloading ResourceManager: Default, FMLFileResourcePack:Forge Mod Loader, FMLFileResourcePack:Minecraft Forge, FMLFileResourcePack:Bot Buddy
[22:56:16] [Client thread/INFO]: Created: 512x256 textures/blocks-atlas
[22:56:16] [Client thread/INFO]: Created: 256x256 textures/items-atlas
[22:56:17] [Sound Library Loader/INFO]: Sound engine started
[22:56:47] [Server thread/INFO]: Starting integrated minecraft server version 1.7.10
[22:56:47] [Server thread/INFO]: Generating keypair
[22:56:47] [Server thread/INFO]: Preparing start region for level 0
[22:56:48] [Server thread/INFO]: Changing view distance to 12, from 10
[22:56:48] [Server thread/INFO]: Player937[local:E:d1ccc63e] logged in with entity id 268 at (-2111.1537161970487, 4.0, 958.3741420830454)
[22:56:48] [Server thread/INFO]: Player937 joined the game
[22:57:04] [Server thread/INFO]: Saving and pausing game...
[22:57:04] [Server thread/INFO]: Saving chunks for level 'New World'/Overworld
[22:57:04] [Server thread/INFO]: Saving chunks for level 'New World'/Nether
[22:57:04] [Server thread/INFO]: Saving chunks for level 'New World'/The End
